2023-04-18 19:45:21 INFO  Log:15 - ********************************
2023-04-18 19:45:21 INFO  Log:16 - ********************************
2023-04-18 19:45:21 INFO  Log:17 - *********This is the beginning of my Test case***********
2023-04-18 19:45:21 INFO  Log:27 - My test case is executing right now
2023-04-18 19:45:21 INFO  Log:31 - My test case might have some trivial issues
2023-04-18 19:47:41 INFO  Log:27 - This test case is about to get completed
2023-04-18 19:47:41 INFO  Log:21 - #####################################################
2023-04-18 19:47:41 INFO  Log:22 - #####################################################
2023-04-18 19:47:41 INFO  Log:23 - ########################This test case is finished#############################
2023-04-18 20:20:21 INFO  Log:15 - ********************************
2023-04-18 20:20:21 INFO  Log:16 - ********************************
2023-04-18 20:20:21 INFO  Log:17 - *********This is the beginning of my Test case***********
2023-04-18 20:20:21 INFO  Log:27 - My test case is executing right now
2023-04-18 20:20:21 INFO  Log:31 - My test case might have some trivial issues
2023-04-18 20:20:28 INFO  Log:27 - This test case is about to get completed
2023-04-18 20:20:28 INFO  Log:21 - #####################################################
2023-04-18 20:20:28 INFO  Log:22 - #####################################################
2023-04-18 20:20:28 INFO  Log:23 - ########################This test case is finished#############################
2023-04-18 22:03:20 INFO  Log:15 - ********************************
2023-04-18 22:03:20 INFO  Log:16 - ********************************
2023-04-18 22:03:20 INFO  Log:17 - *********This is the beginning of my Test case***********
2023-04-18 22:03:20 INFO  Log:27 - My test case is executing right now
2023-04-18 22:03:20 INFO  Log:31 - My test case might have some trivial issues
2023-04-18 22:03:27 INFO  Log:27 - This test case is about to get completed
2023-04-18 22:03:27 INFO  Log:21 - #####################################################
2023-04-18 22:03:27 INFO  Log:22 - #####################################################
2023-04-18 22:03:27 INFO  Log:23 - ########################This test case is finished#############################
2023-05-13 11:28:57 INFO  Log:15 - ********************************
2023-05-13 11:28:57 INFO  Log:16 - ********************************
2023-05-13 11:28:57 INFO  Log:17 - *********This is the beginning of my Test case***********
2023-05-13 11:28:57 INFO  Log:27 - My test case is executing right now
2023-05-13 11:28:57 INFO  Log:31 - My test case might have some trivial issues
2023-05-13 11:29:05 INFO  Log:27 - This test case is about to get completed
2023-05-13 11:29:05 INFO  Log:21 - #####################################################
2023-05-13 11:29:05 INFO  Log:22 - #####################################################
2023-05-13 11:29:05 INFO  Log:23 - ########################This test case is finished#############################
2023-05-13 11:39:57 INFO  Log:15 - ********************************
2023-05-13 11:39:57 INFO  Log:16 - ********************************
2023-05-13 11:39:57 INFO  Log:17 - *********This is the beginning of my Test case***********
2023-05-13 11:39:57 INFO  Log:27 - My test case is executing right now
2023-05-13 11:39:57 INFO  Log:31 - My test case might have some trivial issues
2023-05-13 11:40:05 INFO  Log:27 - This test case is about to get completed
2023-05-13 11:40:05 INFO  Log:21 - #####################################################
2023-05-13 11:40:05 INFO  Log:22 - #####################################################
2023-05-13 11:40:05 INFO  Log:23 - ########################This test case is finished#############################
2023-05-13 11:47:17 INFO  Log:15 - ********************************
2023-05-13 11:47:17 INFO  Log:16 - ********************************
2023-05-13 11:47:17 INFO  Log:17 - *********This is the beginning of my Test case***********
2023-05-13 11:47:17 INFO  Log:27 - My test case is executing right now
2023-05-13 11:47:17 INFO  Log:31 - My test case might have some trivial issues
2023-05-13 11:47:23 INFO  Log:27 - This test case is about to get completed
2023-05-13 11:47:23 INFO  Log:21 - #####################################################
2023-05-13 11:47:23 INFO  Log:22 - #####################################################
2023-05-13 11:47:23 INFO  Log:23 - ########################This test case is finished#############################
2023-05-13 11:48:22 INFO  Log:15 - ********************************
2023-05-13 11:48:22 INFO  Log:16 - ********************************
2023-05-13 11:48:22 INFO  Log:17 - *********This is the beginning of my Test case***********
2023-05-13 11:48:22 INFO  Log:27 - My test case is executing right now
2023-05-13 11:48:22 INFO  Log:31 - My test case might have some trivial issues
2023-05-13 11:48:27 INFO  Log:27 - This test case is about to get completed
2023-05-13 11:48:27 INFO  Log:21 - #####################################################
2023-05-13 11:48:27 INFO  Log:22 - #####################################################
2023-05-13 11:48:27 INFO  Log:23 - ########################This test case is finished#############################
2023-05-13 11:50:19 INFO  Log:15 - ********************************
2023-05-13 11:50:19 INFO  Log:16 - ********************************
2023-05-13 11:50:19 INFO  Log:17 - *********This is the beginning of my Test case***********
2023-05-13 11:50:19 INFO  Log:27 - My test case is executing right now
2023-05-13 11:50:19 INFO  Log:31 - My test case might have some trivial issues
2023-05-13 11:50:26 INFO  Log:27 - This test case is about to get completed
2023-05-13 11:50:26 INFO  Log:21 - #####################################################
2023-05-13 11:50:26 INFO  Log:22 - #####################################################
2023-05-13 11:50:26 INFO  Log:23 - ########################This test case is finished#############################
2023-05-30 20:33:11 INFO  Log:15 - ********************************
2023-05-30 20:33:11 INFO  Log:16 - ********************************
2023-05-30 20:33:11 INFO  Log:17 - *********This is the beginning of my Test case***********
2023-05-30 20:33:11 INFO  Log:27 - My test case is executing right now
2023-05-30 20:33:11 INFO  Log:31 - My test case might have some trivial issues
2023-05-30 20:33:54 INFO  Log:27 - This test case is about to get completed
2023-05-30 20:33:54 INFO  Log:21 - #####################################################
2023-05-30 20:33:54 INFO  Log:22 - #####################################################
2023-05-30 20:33:54 INFO  Log:23 - ########################This test case is finished#############################
2023-05-31 18:20:18 INFO  Log:15 - ********************************
2023-05-31 18:20:18 INFO  Log:16 - ********************************
2023-05-31 18:20:18 INFO  Log:17 - *********This is the beginning of my Test case***********
2023-05-31 18:20:18 INFO  Log:27 - My test case is executing right now
2023-05-31 18:20:18 INFO  Log:31 - My test case might have some trivial issues
2023-05-31 18:20:19 INFO  Log:27 - This test case is about to get completed
2023-05-31 18:20:19 INFO  Log:21 - #####################################################
2023-05-31 18:20:19 INFO  Log:22 - #####################################################
2023-05-31 18:20:19 INFO  Log:23 - ########################This test case is finished#############################
2023-05-31 18:20:21 INFO  Log:15 - ********************************
2023-05-31 18:20:21 INFO  Log:16 - ********************************
2023-05-31 18:20:21 INFO  Log:17 - *********This is the beginning of my Test case***********
2023-05-31 18:20:21 INFO  Log:27 - My test case is executing right now
2023-05-31 18:20:21 INFO  Log:31 - My test case might have some trivial issues
2023-05-31 18:20:27 INFO  Log:27 - This test case is about to get completed
2023-05-31 18:20:27 INFO  Log:21 - #####################################################
2023-05-31 18:20:27 INFO  Log:22 - #####################################################
2023-05-31 18:20:27 INFO  Log:23 - ########################This test case is finished#############################
2023-05-31 18:21:08 INFO  Log:15 - ********************************
2023-05-31 18:21:08 INFO  Log:16 - ********************************
2023-05-31 18:21:08 INFO  Log:17 - *********This is the beginning of my Test case***********
2023-05-31 18:21:08 INFO  Log:27 - My test case is executing right now
2023-05-31 18:21:08 INFO  Log:31 - My test case might have some trivial issues
2023-05-31 18:21:10 INFO  Log:27 - This test case is about to get completed
2023-05-31 18:21:10 INFO  Log:21 - #####################################################
2023-05-31 18:21:10 INFO  Log:22 - #####################################################
2023-05-31 18:21:10 INFO  Log:23 - ########################This test case is finished#############################
